Hint: * Convertendo arquivo C:\Users\Gabriel\Dropbox\Simus2\simusWin\fontesLazarus\simus.dpr *
Hint: Codificação alterada de cp1252 para UTF-8
Hint: Adicionada definições -dBorland -dVer150 -dDelphi7 -dCompiler6_Up -dPUREPASCAL nas opções customizadas
Hint: Todos os arquivos de unidade encontrados
Hint: * Reparando unidades usadas para o arquivo C:\Users\Gabriel\Dropbox\Simus2\simusWin\fontesLazarus\simus.dpr *
Hint: 
Hint: *** Arquivos de unidade sendo convertidos pertencentes ao projeto/pacote ***
Hint: * Convertendo arquivo C:\Users\Gabriel\Dropbox\Simus2\simusWin\fontesLazarus\uSimus.pas *
Hint: Codificação alterada de cp1252 para UTF-8
Hint: Codificação alterada de cp1252 para UTF-8
Hint: Unidade "shellApi" removida na seção "uses".
Hint: Unidade "Windows" substituída com "LCLIntf, LCLType, LMessages" na seção "uses".
Hint: * Convertendo arquivo C:\Users\Gabriel\Dropbox\Simus2\simusWin\fontesLazarus\uSimula.pas *
Hint: Codificação alterada de cp1252 para UTF-8
Hint: * Convertendo arquivo C:\Users\Gabriel\Dropbox\Simus2\simusWin\fontesLazarus\uHex.pas *
Hint: Codificação alterada de cp1252 para UTF-8
Hint: Codificação alterada de cp1252 para UTF-8
Hint: Unidade "Windows" substituída com "LCLIntf, LCLType, LMessages" na seção "uses".
Hint: * Convertendo arquivo C:\Users\Gabriel\Dropbox\Simus2\simusWin\fontesLazarus\uAbout.pas *
Hint: Codificação alterada de cp1252 para UTF-8
Hint: Unidade "Windows" substituída com "LCLIntf, LCLType, LMessages" na seção "uses".
Hint: * Convertendo arquivo C:\Users\Gabriel\Dropbox\Simus2\simusWin\fontesLazarus\uAutoPrg.pas *
Hint: Codificação alterada de cp1252 para UTF-8
Hint: Codificação alterada de cp1252 para UTF-8
Hint: Unidade "Windows" substituída com "LCLIntf, LCLType, LMessages" na seção "uses".
Hint: * Convertendo arquivo C:\Users\Gabriel\Dropbox\Simus2\simusWin\fontesLazarus\uvars.pas *
Hint: Codificação alterada de cp1252 para UTF-8
Hint: * Convertendo arquivo C:\Users\Gabriel\Dropbox\Simus2\simusWin\fontesLazarus\uAssemb.pas *
Hint: Codificação alterada de cp1252 para UTF-8
Hint: * Convertendo arquivo C:\Users\Gabriel\Dropbox\Simus2\simusWin\fontesLazarus\uconsole.pas *
Hint: Codificação alterada de cp1252 para UTF-8
Hint: Unidade "Windows" substituída com "LCLIntf, LCLType, LMessages" na seção "uses".
Hint: * Convertendo arquivo C:\Users\Gabriel\Dropbox\Simus2\simusWin\fontesLazarus\uSound.pas *
Hint: Codificação alterada de cp1252 para UTF-8
Hint: Unidade "Windows" substituída com "LCLIntf, LCLType, LMessages" na seção "uses".
Hint: 
Hint: *** Arquivos de unidade sendo convertidos foram encontrados durante a conversão ***
Hint: * Convertendo arquivo C:\Users\Gabriel\Dropbox\Simus2\simusWin\fontesLazarus\utrap.pas *
Hint: Codificação alterada de cp1252 para UTF-8
Hint: Unidade "windows" substituída com "LCLIntf, LCLType, LMessages" na seção "uses".
Hint: 
Hint: *** Corriginfo unidades usadas e reparando arquivos de formulários ***
Hint: * Reparando arquivo formulário C:\Users\Gabriel\Dropbox\Simus2\simusWin\fontesLazarus\uSimus.lfm *
Hint: Removed property "DesignSize".
Hint: Removed property "DesignSize".
Hint: Added missing object "Label11:TLabel" to pascal source.
Hint: Added missing object "Label10:TLabel" to pascal source.
Hint: Removed property "DesignSize".
Hint: Removed property "DesignSize".
Hint: Removed property "DesignSize".
Hint: Removed property "DesignSize".
Hint: Added missing object "Panel2:TPanel" to pascal source.
Hint: Removed property "DesignSize".
Hint: Removed property "TextHeight".
Hint: Removed property "OldCreateOrder".
Hint: Changed Top coord of TCheckBox from "514" to "512" inside TPanel.
Hint: Changed Left coord of TCheckBox from "151" to "149" inside TPanel.
Hint: Changed Top coord of TButton from "108" to "106" inside TPanel.
Hint: Changed Left coord of TButton from "29" to "27" inside TPanel.
Hint: Changed Top coord of TButton from "108" to "106" inside TPanel.
Hint: Changed Left coord of TButton from "143" to "141" inside TPanel.
Hint: Changed Top coord of TButton from "80" to "78" inside TPanel.
Hint: Changed Left coord of TButton from "143" to "141" inside TPanel.
Hint: Changed Top coord of TButton from "52" to "50" inside TPanel.
Hint: Changed Left coord of TButton from "143" to "141" inside TPanel.
Hint: Changed Top coord of TButton from "80" to "78" inside TPanel.
Hint: Changed Left coord of TButton from "29" to "27" inside TPanel.
Hint: Changed Top coord of TButton from "52" to "50" inside TPanel.
Hint: Changed Left coord of TButton from "29" to "27" inside TPanel.
Hint: Changed Top coord of TLabel from "107" to "105" inside TPanel.
Hint: Changed Left coord of TLabel from "190" to "188" inside TPanel.
Hint: Changed Top coord of TLabel from "108" to "106" inside TPanel.
Hint: Changed Left coord of TLabel from "76" to "74" inside TPanel.
Hint: Changed Top coord of TLabel from "80" to "78" inside TPanel.
Hint: Changed Left coord of TLabel from "190" to "188" inside TPanel.
Hint: Changed Top coord of TLabel from "52" to "50" inside TPanel.
Hint: Changed Left coord of TLabel from "190" to "188" inside TPanel.
Hint: Changed Top coord of TLabel from "80" to "78" inside TPanel.
Hint: Changed Left coord of TLabel from "76" to "74" inside TPanel.
Hint: Changed Top coord of TLabel from "52" to "50" inside TPanel.
Hint: Changed Left coord of TLabel from "76" to "74" inside TPanel.
Hint: Changed Top coord of TLabel from "34" to "32" inside TPanel.
Hint: Changed Left coord of TLabel from "69" to "67" inside TPanel.
Hint: Changed Top coord of TLabel from "4" to "2" inside TPanel.
Hint: Changed Left coord of TLabel from "126" to "124" inside TPanel.
Hint: Changed Top coord of TLabel from "4" to "2" inside TPanel.
Hint: Changed Left coord of TLabel from "63" to "61" inside TPanel.
Hint: Changed Top coord of TLabel from "10" to "8" inside TPanel.
Hint: Changed Left coord of TLabel from "8" to "6" inside TPanel.
Hint: Changed Top coord of TBevel from "4" to "2" inside TPanel.
Hint: Changed Left coord of TBevel from "5" to "3" inside TPanel.
Hint: Changed Top coord of TPanel from "1" to "0" inside TPanel.
Hint: Changed Left coord of TPanel from "1" to "0" inside TPanel.
Hint: Changed Top coord of TEdit from "20" to "18" inside TPanel.
Hint: Changed Left coord of TEdit from "68" to "66" inside TPanel.
Hint: Changed Top coord of TButton from "20" to "18" inside TPanel.
Hint: Changed Left coord of TButton from "173" to "171" inside TPanel.
Hint: Changed Top coord of TButton from "20" to "18" inside TPanel.
Hint: Changed Left coord of TButton from "129" to "127" inside TPanel.
Hint: Changed Top coord of TEdit from "20" to "18" inside TPanel.
Hint: Changed Left coord of TEdit from "8" to "6" inside TPanel.
Hint: Changed Top coord of TLabel from "4" to "2" inside TPanel.
Hint: Changed Left coord of TLabel from "68" to "66" inside TPanel.
Hint: Changed Top coord of TLabel from "4" to "2" inside TPanel.
Hint: Changed Left coord of TLabel from "8" to "6" inside TPanel.
Hint: Changed Top coord of TPanel from "544" to "542" inside TPanel.
Hint: Changed Left coord of TPanel from "1" to "0" inside TPanel.
Hint: Changed Top coord of TListBox from "144" to "142" inside TPanel.
Hint: Changed Left coord of TListBox from "0" to "0" inside TPanel.
Hint: Changed Top coord of TButton from "24" to "22" inside TPanel.
Hint: Changed Left coord of TButton from "409" to "407" inside TPanel.
Hint: Changed Top coord of TButton from "24" to "22" inside TPanel.
Hint: Changed Left coord of TButton from "384" to "382" inside TPanel.
Hint: Changed Top coord of TButton from "24" to "22" inside TPanel.
Hint: Changed Left coord of TButton from "359" to "357" inside TPanel.
Hint: Changed Top coord of TButton from "54" to "52" inside TPanel.
Hint: Changed Left coord of TButton from "635" to "633" inside TPanel.
Hint: Changed Top coord of TButton from "28" to "26" inside TPanel.
Hint: Changed Left coord of TButton from "635" to "633" inside TPanel.
Hint: Changed Top coord of TButton from "28" to "26" inside TPanel.
Hint: Changed Left coord of TButton from "553" to "551" inside TPanel.
Hint: Changed Top coord of TCheckBox from "91" to "89" inside TPanel.
Hint: Changed Left coord of TCheckBox from "463" to "461" inside TPanel.
Hint: Changed Top coord of TButton from "28" to "26" inside TPanel.
Hint: Changed Left coord of TButton from "453" to "451" inside TPanel.
Hint: Changed Top coord of TButton from "111" to "109" inside TPanel.
Hint: Changed Left coord of TButton from "53" to "51" inside TPanel.
Hint: Changed Top coord of TButton from "111" to "109" inside TPanel.
Hint: Changed Left coord of TButton from "115" to "113" inside TPanel.
Hint: Changed Top coord of TBevel from "17" to "15" inside TPanel.
Hint: Changed Left coord of TBevel from "352" to "350" inside TPanel.
Hint: Changed Top coord of TLabel from "128" to "126" inside TPanel.
Hint: Changed Left coord of TLabel from "622" to "620" inside TPanel.
Hint: Changed Top coord of TLabel from "16" to "14" inside TPanel.
Hint: Changed Left coord of TLabel from "46" to "44" inside TPanel.
Hint: Changed Top coord of TBevel from "45" to "43" inside TPanel.
Hint: Changed Left coord of TBevel from "280" to "278" inside TPanel.
Hint: Changed Top coord of TLabel from "93" to "91" inside TPanel.
Hint: Changed Left coord of TLabel from "571" to "569" inside TPanel.
Hint: Changed Top coord of TSpeedButton from "88" to "86" inside TPanel.
Hint: Changed Left coord of TSpeedButton from "636" to "634" inside TPanel.
Hint: Changed Top coord of TSpeedButton from "88" to "86" inside TPanel.
Hint: Changed Left coord of TSpeedButton from "636" to "634" inside TPanel.
Hint: Changed Top coord of TLabel from "54" to "52" inside TPanel.
Hint: Changed Left coord of TLabel from "287" to "285" inside TPanel.
Hint: Changed Top coord of TLabel from "28" to "26" inside TPanel.
Hint: Changed Left coord of TLabel from "300" to "298" inside TPanel.
Hint: Changed Top coord of TLabel from "108" to "106" inside TPanel.
Hint: Changed Left coord of TLabel from "224" to "222" inside TPanel.
Hint: Changed Top coord of TLabel from "113" to "111" inside TPanel.
Hint: Changed Left coord of TLabel from "192" to "190" inside TPanel.
Hint: Changed Top coord of TLabel from "48" to "46" inside TPanel.
Hint: Changed Left coord of TLabel from "5" to "3" inside TPanel.
Hint: Changed Top coord of TSpeedButton from "66" to "64" inside TPanel.
Hint: Changed Left coord of TSpeedButton from "9" to "7" inside TPanel.
Hint: Changed Top coord of TSpeedButton from "66" to "64" inside TPanel.
Hint: Changed Left coord of TSpeedButton from "9" to "7" inside TPanel.
Hint: Changed Top coord of TLabel from "81" to "79" inside TPanel.
Hint: Changed Left coord of TLabel from "49" to "47" inside TPanel.
Hint: Changed Top coord of TLabel from "60" to "58" inside TPanel.
Hint: Changed Left coord of TLabel from "49" to "47" inside TPanel.
Hint: Changed Top coord of TSpeedButton from "55" to "53" inside TPanel.
Hint: Changed Left coord of TSpeedButton from "226" to "224" inside TPanel.
Hint: Changed Top coord of TSpeedButton from "55" to "53" inside TPanel.
Hint: Changed Left coord of TSpeedButton from "202" to "200" inside TPanel.
Hint: Changed Top coord of TSpeedButton from "55" to "53" inside TPanel.
Hint: Changed Left coord of TSpeedButton from "178" to "176" inside TPanel.
Hint: Changed Top coord of TSpeedButton from "55" to "53" inside TPanel.
Hint: Changed Left coord of TSpeedButton from "154" to "152" inside TPanel.
Hint: Changed Top coord of TSpeedButton from "55" to "53" inside TPanel.
Hint: Changed Left coord of TSpeedButton from "130" to "128" inside TPanel.
Hint: Changed Top coord of TSpeedButton from "55" to "53" inside TPanel.
Hint: Changed Left coord of TSpeedButton from "106" to "104" inside TPanel.
Hint: Changed Top coord of TSpeedButton from "55" to "53" inside TPanel.
Hint: Changed Left coord of TSpeedButton from "82" to "80" inside TPanel.
Hint: Changed Top coord of TSpeedButton from "55" to "53" inside TPanel.
Hint: Changed Left coord of TSpeedButton from "58" to "56" inside TPanel.
Hint: Changed Top coord of TSpeedButton from "56" to "54" inside TPanel.
Hint: Changed Left coord of TSpeedButton from "226" to "224" inside TPanel.
Hint: Changed Top coord of TSpeedButton from "56" to "54" inside TPanel.
Hint: Changed Left coord of TSpeedButton from "202" to "200" inside TPanel.
Hint: Changed Top coord of TSpeedButton from "56" to "54" inside TPanel.
Hint: Changed Left coord of TSpeedButton from "178" to "176" inside TPanel.
Hint: Changed Top coord of TSpeedButton from "56" to "54" inside TPanel.
Hint: Changed Left coord of TSpeedButton from "154" to "152" inside TPanel.
Hint: Changed Top coord of TSpeedButton from "56" to "54" inside TPanel.
Hint: Changed Left coord of TSpeedButton from "130" to "128" inside TPanel.
Hint: Changed Top coord of TSpeedButton from "56" to "54" inside TPanel.
Hint: Changed Left coord of TSpeedButton from "106" to "104" inside TPanel.
Hint: Changed Top coord of TSpeedButton from "56" to "54" inside TPanel.
Hint: Changed Left coord of TSpeedButton from "82" to "80" inside TPanel.
Hint: Changed Top coord of TSpeedButton from "56" to "54" inside TPanel.
Hint: Changed Left coord of TSpeedButton from "58" to "56" inside TPanel.
Hint: Changed Top coord of TShape from "52" to "50" inside TPanel.
Hint: Changed Left coord of TShape from "45" to "43" inside TPanel.
Hint: Changed Top coord of TBevel from "9" to "7" inside TPanel.
Hint: Changed Left coord of TBevel from "39" to "37" inside TPanel.
Hint: Changed Top coord of TBevel from "17" to "15" inside TPanel.
Hint: Changed Left coord of TBevel from "545" to "543" inside TPanel.
Hint: Changed Top coord of TPanel from "-8" to "0" inside TPanel.
Hint: Changed Left coord of TPanel from "0" to "0" inside TPanel.
Hint: Changed Top coord of TPageControl from "145" to "143" inside TPanel.
Hint: Changed Left coord of TPageControl from "-1" to "0" inside TPanel.
Hint: Changed Top coord of TSpeedButton from "2" to "0" inside TPanel.
Hint: Changed Left coord of TSpeedButton from "251" to "249" inside TPanel.
Hint: Changed Top coord of TSpeedButton from "2" to "0" inside TPanel.
Hint: Changed Left coord of TSpeedButton from "3" to "1" inside TPanel.
Hint: Changed Top coord of TSpeedButton from "2" to "0" inside TPanel.
Hint: Changed Left coord of TSpeedButton from "195" to "193" inside TPanel.
Hint: Changed Top coord of TSpeedButton from "2" to "0" inside TPanel.
Hint: Changed Left coord of TSpeedButton from "1007" to "1005" inside TPanel.
Hint: Changed Top coord of TSpeedButton from "2" to "0" inside TPanel.
Hint: Changed Left coord of TSpeedButton from "141" to "139" inside TPanel.
Hint: Changed Top coord of TSpeedButton from "2" to "0" inside TPanel.
Hint: Changed Left coord of TSpeedButton from "116" to "114" inside TPanel.
Hint: Changed Top coord of TSpeedButton from "2" to "0" inside TPanel.
Hint: Changed Left coord of TSpeedButton from "91" to "89" inside TPanel.
Hint: Changed Top coord of TSpeedButton from "2" to "0" inside TPanel.
Hint: Changed Left coord of TSpeedButton from "53" to "51" inside TPanel.
Hint: Changed Top coord of TSpeedButton from "2" to "0" inside TPanel.
Hint: Changed Left coord of TSpeedButton from "28" to "26" inside TPanel.
Hint: * Reparando unidades usadas para o arquivo C:\Users\Gabriel\Dropbox\Simus2\simusWin\fontesLazarus\uSimus.pas *
Hint: * Reparando unidades usadas para o arquivo C:\Users\Gabriel\Dropbox\Simus2\simusWin\fontesLazarus\uSimula.pas *
Hint: * Reparando arquivo formulário C:\Users\Gabriel\Dropbox\Simus2\simusWin\fontesLazarus\uHex.lfm *
Hint: Removed property "TextHeight".
Hint: Removed property "OldCreateOrder".
Hint: Changed Top coord of TRadioButton from "72" to "58" inside TGroupBox.
Hint: Changed Left coord of TRadioButton from "16" to "14" inside TGroupBox.
Hint: Changed Top coord of TRadioButton from "48" to "34" inside TGroupBox.
Hint: Changed Left coord of TRadioButton from "16" to "14" inside TGroupBox.
Hint: Changed Top coord of TRadioButton from "24" to "10" inside TGroupBox.
Hint: Changed Left coord of TRadioButton from "16" to "14" inside TGroupBox.
Hint: Changed Top coord of TRadioButton from "72" to "58" inside TGroupBox.
Hint: Changed Left coord of TRadioButton from "16" to "14" inside TGroupBox.
Hint: Changed Top coord of TRadioButton from "48" to "34" inside TGroupBox.
Hint: Changed Left coord of TRadioButton from "16" to "14" inside TGroupBox.
Hint: Changed Top coord of TRadioButton from "24" to "10" inside TGroupBox.
Hint: Changed Left coord of TRadioButton from "16" to "14" inside TGroupBox.
Hint: * Reparando unidades usadas para o arquivo C:\Users\Gabriel\Dropbox\Simus2\simusWin\fontesLazarus\uHex.pas *
Hint: * Reparando arquivo formulário C:\Users\Gabriel\Dropbox\Simus2\simusWin\fontesLazarus\uAbout.lfm *
Hint: Removed property "IsControl".
Hint: Removed property "IsControl".
Hint: Removed property "IsControl".
Hint: Removed property "IsControl".
Hint: Removed property "IsControl".
Hint: Removed property "TextHeight".
Hint: Removed property "OldCreateOrder".
Hint: Changed Top coord of TImage from "64" to "62" inside TPanel.
Hint: Changed Left coord of TImage from "40" to "38" inside TPanel.
Hint: Changed Top coord of TLabel from "192" to "190" inside TPanel.
Hint: Changed Left coord of TLabel from "64" to "62" inside TPanel.
Hint: Changed Top coord of TLabel from "112" to "110" inside TPanel.
Hint: Changed Left coord of TLabel from "56" to "54" inside TPanel.
Hint: Changed Top coord of TLabel from "160" to "158" inside TPanel.
Hint: Changed Left coord of TLabel from "72" to "70" inside TPanel.
Hint: Changed Top coord of TLabel from "80" to "78" inside TPanel.
Hint: Changed Left coord of TLabel from "96" to "94" inside TPanel.
Hint: Changed Top coord of TLabel from "8" to "6" inside TPanel.
Hint: Changed Left coord of TLabel from "16" to "14" inside TPanel.
Hint: * Reparando unidades usadas para o arquivo C:\Users\Gabriel\Dropbox\Simus2\simusWin\fontesLazarus\uAbout.pas *
Hint: * Reparando arquivo formulário C:\Users\Gabriel\Dropbox\Simus2\simusWin\fontesLazarus\uAutoPrg.lfm *
Hint: Removed property "TLabel".
Hint: Removed property "TextHeight".
Hint: Removed property "OldCreateOrder".
Hint: * Reparando unidades usadas para o arquivo C:\Users\Gabriel\Dropbox\Simus2\simusWin\fontesLazarus\uAutoPrg.pas *
Hint: * Reparando unidades usadas para o arquivo C:\Users\Gabriel\Dropbox\Simus2\simusWin\fontesLazarus\uvars.pas *
Hint: * Reparando unidades usadas para o arquivo C:\Users\Gabriel\Dropbox\Simus2\simusWin\fontesLazarus\uAssemb.pas *
Hint: * Reparando arquivo formulário C:\Users\Gabriel\Dropbox\Simus2\simusWin\fontesLazarus\uconsole.lfm *
Hint: Removed property "TextHeight".
Hint: Removed property "OldCreateOrder".
Hint: * Reparando unidades usadas para o arquivo C:\Users\Gabriel\Dropbox\Simus2\simusWin\fontesLazarus\uconsole.pas *
Hint: * Reparando unidades usadas para o arquivo C:\Users\Gabriel\Dropbox\Simus2\simusWin\fontesLazarus\uSound.pas *
Hint: * Reparando unidades usadas para o arquivo C:\Users\Gabriel\Dropbox\Simus2\simusWin\fontesLazarus\utrap.pas *
Hint: A conversão levou: 00:01:11
Hint: Conversão Pronta.
